<?xml version="1.0" encoding="UTF-8"?>
<testsuite name="com.akanick.saq.web.IndexControllerTest" tests="1" skipped="0" failures="0" errors="0" timestamp="2022-06-25T10:15:00" hostname="DT-PARK" time="0.2">
  <properties/>
  <testcase name="메인페이지로딩" classname="com.akanick.saq.web.IndexControllerTest" time="0.2"/>
  <system-out><![CDATA[2022-06-25 19:15:00.672  INFO 28844 --- [    Test worker] .b.t.c.SpringBootTestContextBootstrapper : Neither @ContextConfiguration nor @ContextHierarchy found for test class [com.akanick.saq.web.IndexControllerTest], using SpringBootContextLoader
2022-06-25 19:15:00.673  INFO 28844 --- [    Test worker] o.s.t.c.support.AbstractContextLoader    : Could not detect default resource locations for test class [com.akanick.saq.web.IndexControllerTest]: no resource found for suffixes {-context.xml, Context.groovy}.
2022-06-25 19:15:00.673  INFO 28844 --- [    Test worker] t.c.s.AnnotationConfigContextLoaderUtils : Could not detect default configuration classes for test class [com.akanick.saq.web.IndexControllerTest]: IndexControllerTest does not declare any static, non-private, non-final, nested classes annotated with @Configuration.
2022-06-25 19:15:00.676  INFO 28844 --- [    Test worker] .b.t.c.SpringBootTestContextBootstrapper : Found @SpringBootConfiguration com.akanick.saq.Application for test class com.akanick.saq.web.IndexControllerTest
2022-06-25 19:15:00.677  INFO 28844 --- [    Test worker] .b.t.c.SpringBootTestContextBootstrapper : Loaded default TestExecutionListener class names from location [META-INF/spring.factories]: [org.springframework.security.test.context.support.WithSecurityContextTestExecutionListener, org.springframework.security.test.context.support.ReactorContextTestExecutionListener, org.springframework.boot.test.autoconfigure.restdocs.RestDocsTestExecutionListener, org.springframework.boot.test.autoconfigure.web.client.MockRestServiceServerResetTestExecutionListener, org.springframework.boot.test.autoconfigure.web.servlet.MockMvcPrintOnlyOnFailureTestExecutionListener, org.springframework.boot.test.autoconfigure.web.servlet.WebDriverTestExecutionListener, org.springframework.boot.test.autoconfigure.webservices.client.MockWebServiceServerTestExecutionListener, org.springframework.boot.test.mock.mockito.MockitoTestExecutionListener, org.springframework.boot.test.mock.mockito.ResetMocksTestExecutionListener, org.springframework.test.context.web.ServletTestExecutionListener, org.springframework.test.context.support.DirtiesContextBeforeModesTestExecutionListener, org.springframework.test.context.support.DependencyInjectionTestExecutionListener, org.springframework.test.context.support.DirtiesContextTestExecutionListener, org.springframework.test.context.transaction.TransactionalTestExecutionListener, org.springframework.test.context.jdbc.SqlScriptsTestExecutionListener, org.springframework.test.context.event.EventPublishingTestExecutionListener]
2022-06-25 19:15:00.679  INFO 28844 --- [    Test worker] .b.t.c.SpringBootTestContextBootstrapper : Using TestExecutionListeners: [org.springframework.test.context.web.ServletTestExecutionListener@7d39c9c, org.springframework.test.context.support.DirtiesContextBeforeModesTestExecutionListener@135a8812, org.springframework.boot.test.mock.mockito.MockitoTestExecutionListener@54ebacdc, org.springframework.boot.test.autoconfigure.SpringBootDependencyInjectionTestExecutionListener@618c387d, org.springframework.test.context.support.DirtiesContextTestExecutionListener@7aa06fac, org.springframework.test.context.transaction.TransactionalTestExecutionListener@3d7d72f2, org.springframework.test.context.jdbc.SqlScriptsTestExecutionListener@3479b4cd, org.springframework.security.test.context.support.WithSecurityContextTestExecutionListener@34b63def, org.springframework.test.context.event.EventPublishingTestExecutionListener@4d92e9da, org.springframework.security.test.context.support.ReactorContextTestExecutionListener@1baef878, org.springframework.boot.test.autoconfigure.restdocs.RestDocsTestExecutionListener@6208f81c, org.springframework.boot.test.autoconfigure.web.client.MockRestServiceServerResetTestExecutionListener@67d4e8f7, org.springframework.boot.test.autoconfigure.web.servlet.MockMvcPrintOnlyOnFailureTestExecutionListener@3d5211ee, org.springframework.boot.test.autoconfigure.web.servlet.WebDriverTestExecutionListener@51535304, org.springframework.boot.test.autoconfigure.webservices.client.MockWebServiceServerTestExecutionListener@74be992a, org.springframework.boot.test.mock.mockito.ResetMocksTestExecutionListener@346d441a]
2022-06-25 19:15:00.802  INFO 28844 --- [o-auto-1-exec-1] o.a.c.c.C.[Tomcat].[localhost].[/]       : Initializing Spring DispatcherServlet 'dispatcherServlet'
2022-06-25 19:15:00.803  INFO 28844 --- [o-auto-1-exec-1] o.s.web.servlet.DispatcherServlet        : Initializing Servlet 'dispatcherServlet'
2022-06-25 19:15:00.804  INFO 28844 --- [o-auto-1-exec-1] o.s.web.servlet.DispatcherServlet        : Completed initialization in 1 ms
Hibernate: select posts0_.id as id1_0_, posts0_.created_date as created_2_0_, posts0_.modified_date as modified3_0_, posts0_.author as author4_0_, posts0_.content as content5_0_, posts0_.title as title6_0_ from posts posts0_ order by posts0_.id DESC
]]></system-out>
  <system-err><![CDATA[]]></system-err>
</testsuite>
